Log file: /home/nochi/NOCHI/M2_PAR/Projet_de_synthese/project_ws/event_mask_logs/event_mask_diag_20260101_134640.log
[INFO] [launch]: All log files can be found below /home/nochi/.ros/log/2026-01-01-13-46-41-148623-nochi-HP-Laptop-15-da1xxx-607843
[INFO] [launch]: Default logging verbosity is set to INFO
[INFO] [ros2-1]: process started with pid [607846]
[INFO] [event_tf_static_node-2]: process started with pid [607848]
[INFO] [Motion_Compensation-3]: process started with pid [607850]
[INFO] [event_segmentation_node-4]: process started with pid [607852]
[INFO] [event_clustering_node-5]: process started with pid [607854]
[ros2-1] stdin is not a terminal device. Keyboard handling disabled.[INFO] [1767271601.543009155] [rosbag2_storage]: Opened database '/home/nochi/NOCHI/M2_PAR/Projet_de_synthese/Ros_bags/Event_datas/rosbag2_2025_12_19-13_54_18/rosbag2_2025_12_19-13_54_18_0.db3' for READ_ONLY.
[ros2-1] [INFO] [1767271601.543054539] [rosbag2_player]: Set rate to 1
[ros2-1] [INFO] [1767271601.558872209] [rosbag2_player]: Adding keyboard callbacks.
[ros2-1] [INFO] [1767271601.558921263] [rosbag2_player]: Press SPACE for Pause/Resume
[ros2-1] [INFO] [1767271601.558933071] [rosbag2_player]: Press CURSOR_RIGHT for Play Next Message
[ros2-1] [INFO] [1767271601.558941071] [rosbag2_player]: Press CURSOR_UP for Increase Rate 10%
[ros2-1] [INFO] [1767271601.558947998] [rosbag2_player]: Press CURSOR_DOWN for Decrease Rate 10%
[ros2-1] [INFO] [1767271601.559520377] [rosbag2_storage]: Opened database '/home/nochi/NOCHI/M2_PAR/Projet_de_synthese/Ros_bags/Event_datas/rosbag2_2025_12_19-13_54_18/rosbag2_2025_12_19-13_54_18_0.db3' for READ_ONLY.
[Motion_Compensation-3] [INFO] [1767271601.660205351] [motion_compensation]: Data aligned! Start processing data...
[event_tf_static_node-2] [INFO] [1767271601.821863648] [event_tf_static]: Static TF published base_link -> event_camera (z=0.3m, pitch=40.0deg)
== Topics ==
/clicked_point
/clock
/count_image
/dynamic_obstacles
/dynamic_obstacles_markers
/event_camera/camera_info
/event_camera/events
/event_camera/image_raw
/event_camera/imu
/event_camera/reset_timestamps
/event_mask
/events/read_split
/events/write_split
/goal_pose
/initialpose
/parameter_events
/robot_description
/rosout
/tf
/tf_static
/time_image
== /count_image ==
header:
  stamp:
    sec: 1766148866
    nanosec: 280688000
  frame_id: ''
height: 260
width: 346
encoding: mono8
is_bigendian: 0
step: 346
data:
- 0
- 0
- 0
- 0
- 0
- 0
- 0
- 0
- 0
- 0
- 0
- 0
- 0
- 0
- 0
- 0
- 0
- 0
- 0
- 0
- 0
- 0
- 0
- 0
- 0
- 0
- 0
- 0
- 0
- 0
- 0
- 0
- 0
- 0
- 0
- 0
- 0
- 0
- 0
- 0
- 0
- 0
- 0
- 0
- 0
- 0
- 0
- 0
- 0
- 0
- 0
- 0
- 0
- 0
- 0
- 0
- 0
- 0
- 0
- 0
- 0
- 0
- 0
- 0
- 0
- 0
- 0
- 0
- 0
- 0
- 0
- 0
- 0
- 0
- 0
- 0
- 0
- 0
- 0
- 0
- 0
- 0
- 0
- 0
- 0
- 0
- 0
- 0
- 0
- 0
- 0
- 0
- 0
- 0
- 0
- 0
- 0
- 0
- 0
- 0
- 0
- 0
- 0
- 0
- 0
- 0
- 0
- 0
- 0
- 0
- 0
- 0
- 0
- 0
- 0
- 0
- 0
- 0
- 0
- 0
- 0
- 0
- 0
- 0
- 0
- 0
- 0
- 0
- '...'
---
== /time_image ==
header:
  stamp:
    sec: 1766148867
    nanosec: 580553000
  frame_id: ''
height: 260
width: 346
encoding: 32FC1
is_bigendian: 0
step: 1384
data:
- 0
- 0
- 0
- 0
- 0
- 0
- 0
- 0
- 0
- 0
- 0
- 0
- 0
- 0
- 0
- 0
- 0
- 0
- 0
- 0
- 0
- 0
- 0
- 0
- 0
- 0
- 0
- 0
- 0
- 0
- 0
- 0
- 0
- 0
- 0
- 0
- 0
- 0
- 0
- 0
- 0
- 0
- 0
- 0
- 0
- 0
- 0
- 0
- 0
- 0
- 0
- 0
- 0
- 0
- 0
- 0
- 0
- 0
- 0
- 0
- 0
- 0
- 0
- 0
- 0
- 0
- 0
- 0
- 0
- 0
- 0
- 0
- 0
- 0
- 0
- 0
- 0
- 0
- 0
- 0
- 0
- 0
- 0
- 0
- 0
- 0
- 0
- 0
- 0
- 0
- 0
- 0
- 0
- 0
- 0
- 0
- 0
- 0
- 0
- 0
- 0
- 0
- 0
- 0
- 0
- 0
- 0
- 0
- 0
- 0
- 0
- 0
- 0
- 0
- 0
- 0
- 0
- 0
- 0
- 0
- 0
- 0
- 0
- 0
- 0
- 0
- 0
- 0
- '...'
---
== /event_mask ==
A message was lost!!!
	total count change:1
	total count: 1---
header:
  stamp:
    sec: 1766148869
    nanosec: 330555000
  frame_id: ''
height: 260
width: 346
encoding: mono8
is_bigendian: 0
step: 346
data:
- 0
- 0
- 0
- 0
- 0
- 0
- 0
- 0
- 0
- 0
- 0
- 0
- 0
- 0
- 0
- 0
- 0
- 0
- 0
- 0
- 0
- 0
- 0
- 0
- 0
- 0
- 0
- 0
- 0
- 0
- 0
- 0
- 0
- 0
- 0
- 0
- 0
- 0
- 0
- 0
- 0
- 0
- 0
- 0
- 0
- 0
- 0
- 0
- 0
- 0
- 0
- 0
- 0
- 0
- 0
- 0
- 0
- 0
- 0
- 0
- 0
- 0
- 0
- 0
- 0
- 0
- 0
- 0
- 0
- 0
- 0
- 0
- 0
- 0
- 0
- 0
- 0
- 0
- 0
- 0
- 0
- 0
- 0
- 0
- 0
- 0
- 0
- 0
- 0
- 0
- 0
- 0
- 0
- 0
- 0
- 0
- 0
- 0
- 0
- 0
- 0
- 0
- 0
- 0
- 0
- 0
- 0
- 0
- 0
- 0
- 0
- 0
- 0
- 0
- 0
- 0
- 0
- 0
- 0
- 0
- 0
- 0
- 0
- 0
- 0
- 0
- 0
- 0
- '...'
---
== /event_mask rate ==
average rate: 105.632
	min: 0.008s max: 0.013s std dev: 0.00091s window: 50
average rate: 98.917
	min: 0.007s max: 0.017s std dev: 0.00199s window: 50
average rate: 98.520
	min: 0.008s max: 0.015s std dev: 0.00161s window: 50
average rate: 100.607
	min: 0.008s max: 0.017s std dev: 0.00150s window: 50
average rate: 99.548
	min: 0.007s max: 0.014s std dev: 0.00131s window: 50
average rate: 96.932
	min: 0.007s max: 0.015s std dev: 0.00169s window: 50
average rate: 99.594
	min: 0.008s max: 0.019s std dev: 0.00178s window: 50
average rate: 94.201
	min: 0.008s max: 0.018s std dev: 0.00223s window: 50
average rate: 96.272
	min: 0.008s max: 0.015s std dev: 0.00156s window: 50
average rate: 99.645
	min: 0.008s max: 0.015s std dev: 0.00136s window: 50
average rate: 96.635
	min: 0.008s max: 0.017s std dev: 0.00186s window: 50
average rate: 90.072
	min: 0.008s max: 0.018s std dev: 0.00248s window: 50
average rate: 99.193
	min: 0.007s max: 0.016s std dev: 0.00169s window: 50
average rate: 96.846
	min: 0.009s max: 0.014s std dev: 0.00166s window: 50
average rate: 93.831
	min: 0.007s max: 0.018s std dev: 0.00277s window: 50
average rate: 88.280
	min: 0.009s max: 0.018s std dev: 0.00192s window: 50
average rate: 100.892
	min: 0.008s max: 0.014s std dev: 0.00155s window: 50
average rate: 95.874
	min: 0.008s max: 0.015s std dev: 0.00182s window: 50
average rate: 103.748
	min: 0.008s max: 0.014s std dev: 0.00132s window: 50
average rate: 98.861
	min: 0.009s max: 0.015s std dev: 0.00175s window: 50
average rate: 101.512
	min: 0.008s max: 0.013s std dev: 0.00107s window: 50
average rate: 100.966
	min: 0.009s max: 0.013s std dev: 0.00078s window: 50
average rate: 97.960
	min: 0.009s max: 0.016s std dev: 0.00181s window: 50
average rate: 99.182
	min: 0.009s max: 0.015s std dev: 0.00164s window: 50
average rate: 109.162
	min: 0.007s max: 0.012s std dev: 0.00118s window: 50
average rate: 99.191
	min: 0.009s max: 0.016s std dev: 0.00131s window: 50
average rate: 91.369
	min: 0.008s max: 0.022s std dev: 0.00265s window: 50
average rate: 100.281
	min: 0.009s max: 0.012s std dev: 0.00070s window: 50
average rate: 98.398
	min: 0.009s max: 0.017s std dev: 0.00157s window: 50
average rate: 100.422
	min: 0.009s max: 0.014s std dev: 0.00155s window: 50
average rate: 112.953
	min: 0.007s max: 0.013s std dev: 0.00158s window: 50
average rate: 99.027
	min: 0.008s max: 0.014s std dev: 0.00108s window: 50
average rate: 97.044
	min: 0.009s max: 0.015s std dev: 0.00166s window: 50
average rate: 96.274
	min: 0.009s max: 0.014s std dev: 0.00128s window: 50
average rate: 99.551
	min: 0.008s max: 0.015s std dev: 0.00125s window: 50
average rate: 97.047
	min: 0.007s max: 0.017s std dev: 0.00196s window: 50
average rate: 93.133
	min: 0.008s max: 0.018s std dev: 0.00252s window: 50
average rate: 96.285
	min: 0.008s max: 0.016s std dev: 0.00154s window: 50
average rate: 96.450
	min: 0.008s max: 0.018s std dev: 0.00190s window: 50
average rate: 102.962
	min: 0.007s max: 0.017s std dev: 0.00191s window: 50
average rate: 100.466
	min: 0.007s max: 0.013s std dev: 0.00099s window: 50
average rate: 100.225
	min: 0.005s max: 0.016s std dev: 0.00136s window: 50
average rate: 102.858
	min: 0.002s max: 0.017s std dev: 0.00244s window: 50
average rate: 101.370
	min: 0.002s max: 0.016s std dev: 0.00224s window: 50
average rate: 101.011
	min: 0.003s max: 0.016s std dev: 0.00221s window: 50
average rate: 100.151
	min: 0.002s max: 0.017s std dev: 0.00260s window: 50
average rate: 99.371
	min: 0.004s max: 0.016s std dev: 0.00203s window: 50
average rate: 103.521
	min: 0.002s max: 0.015s std dev: 0.00187s window: 50
average rate: 99.048
	min: 0.002s max: 0.017s std dev: 0.00272s window: 50
average rate: 99.663
	min: 0.005s max: 0.015s std dev: 0.00185s window: 50
average rate: 100.058
	min: 0.002s max: 0.022s std dev: 0.00359s window: 50
average rate: 98.224
	min: 0.008s max: 0.014s std dev: 0.00146s window: 50
average rate: 100.436
	min: 0.007s max: 0.016s std dev: 0.00163s window: 50
average rate: 100.300
	min: 0.007s max: 0.014s std dev: 0.00149s window: 50
average rate: 99.292
	min: 0.003s max: 0.019s std dev: 0.00199s window: 50
average rate: 100.153
	min: 0.002s max: 0.019s std dev: 0.00277s window: 50
average rate: 100.629
	min: 0.003s max: 0.015s std dev: 0.00156s window: 50
average rate: 99.037
	min: 0.003s max: 0.017s std dev: 0.00328s window: 50
average rate: 99.937
	min: 0.002s max: 0.018s std dev: 0.00379s window: 50
average rate: 100.531
	min: 0.002s max: 0.017s std dev: 0.00391s window: 50
average rate: 98.345
	min: 0.002s max: 0.014s std dev: 0.00166s window: 50
average rate: 102.108
	min: 0.002s max: 0.012s std dev: 0.00138s window: 50
average rate: 102.069
	min: 0.002s max: 0.018s std dev: 0.00362s window: 50
average rate: 98.825
	min: 0.002s max: 0.017s std dev: 0.00345s window: 50
average rate: 99.138
	min: 0.009s max: 0.015s std dev: 0.00112s window: 50
average rate: 98.252
	min: 0.009s max: 0.012s std dev: 0.00075s window: 50
average rate: 103.058
	min: 0.009s max: 0.013s std dev: 0.00085s window: 50
average rate: 105.305
	min: 0.009s max: 0.013s std dev: 0.00087s window: 50
[INFO] [ros2-1]: process has finished cleanly [pid 607846]
